[25-May-2017 18:09:41 Asia/Tokyo] PHP Fatal error:  Uncaught PDOException: PDO::__construct(): php_network_getaddresses: getaddrinfo failed: Name or service not known in /srv/www/39repo/app/vendor/cakephp/cakephp/src/Database/Driver/PDODriverTrait.php:47
Stack trace:
#0 /srv/www/39repo/app/vendor/cakephp/cakephp/src/Database/Driver/PDODriverTrait.php(47): PDO->__construct('mysql:host=mysq...', 'app', '123456', Array)
#1 /srv/www/39repo/app/vendor/cakephp/cakephp/src/Database/Driver/Mysql.php(104): Cake\Database\Driver\Mysql->_connect('mysql:host=mysq...', Array)
#2 /srv/www/39repo/app/vendor/cakephp/cakephp/src/Database/Schema/BaseSchema.php(45): Cake\Database\Driver\Mysql->connect()
#3 /srv/www/39repo/app/vendor/cakephp/cakephp/src/Database/Dialect/MysqlDialectTrait.php(63): Cake\Database\Schema\BaseSchema->__construct(Object(Cake\Database\Driver\Mysql))
#4 /srv/www/39repo/app/vendor/cakephp/cakephp/src/Database/Schema/Collection.php(52): Cake\Database\Driver\Mysql->schemaDialect()
#5 /srv/www/39repo/app/vendor/cakephp/cakephp/src/Database/Schema/CachedCollec in /srv/www/39repo/app/vendor/cakephp/cakephp/src/Database/Driver/PDODriverTrait.php on line 47
[25-May-2017 18:10:06 Asia/Tokyo] PHP Fatal error:  Uncaught PDOException: PDO::__construct(): php_network_getaddresses: getaddrinfo failed: Name or service not known in /srv/www/39repo/app/vendor/cakephp/cakephp/src/Database/Driver/PDODriverTrait.php:47
Stack trace:
#0 /srv/www/39repo/app/vendor/cakephp/cakephp/src/Database/Driver/PDODriverTrait.php(47): PDO->__construct('mysql:host=mysq...', 'app', '123456', Array)
#1 /srv/www/39repo/app/vendor/cakephp/cakephp/src/Database/Driver/Mysql.php(104): Cake\Database\Driver\Mysql->_connect('mysql:host=mysq...', Array)
#2 /srv/www/39repo/app/vendor/cakephp/cakephp/src/Database/Schema/BaseSchema.php(45): Cake\Database\Driver\Mysql->connect()
#3 /srv/www/39repo/app/vendor/cakephp/cakephp/src/Database/Dialect/MysqlDialectTrait.php(63): Cake\Database\Schema\BaseSchema->__construct(Object(Cake\Database\Driver\Mysql))
#4 /srv/www/39repo/app/vendor/cakephp/cakephp/src/Database/Schema/Collection.php(52): Cake\Database\Driver\Mysql->schemaDialect()
#5 /srv/www/39repo/app/vendor/cakephp/cakephp/src/Database/Schema/CachedCollec in /srv/www/39repo/app/vendor/cakephp/cakephp/src/Database/Driver/PDODriverTrait.php on line 47
[25-May-2017 18:14:28 Asia/Tokyo] PHP Fatal error:  Uncaught PDOException: PDO::__construct(): php_network_getaddresses: getaddrinfo failed: Name or service not known in /srv/www/39repo/app/vendor/cakephp/cakephp/src/Database/Driver/PDODriverTrait.php:47
Stack trace:
#0 /srv/www/39repo/app/vendor/cakephp/cakephp/src/Database/Driver/PDODriverTrait.php(47): PDO->__construct('mysql:host=mysq...', 'app', '123456', Array)
#1 /srv/www/39repo/app/vendor/cakephp/cakephp/src/Database/Driver/Mysql.php(104): Cake\Database\Driver\Mysql->_connect('mysql:host=mysq...', Array)
#2 /srv/www/39repo/app/vendor/cakephp/cakephp/src/Database/Schema/BaseSchema.php(45): Cake\Database\Driver\Mysql->connect()
#3 /srv/www/39repo/app/vendor/cakephp/cakephp/src/Database/Dialect/MysqlDialectTrait.php(63): Cake\Database\Schema\BaseSchema->__construct(Object(Cake\Database\Driver\Mysql))
#4 /srv/www/39repo/app/vendor/cakephp/cakephp/src/Database/Schema/Collection.php(52): Cake\Database\Driver\Mysql->schemaDialect()
#5 /srv/www/39repo/app/vendor/cakephp/cakephp/src/Database/Schema/CachedCollec in /srv/www/39repo/app/vendor/cakephp/cakephp/src/Database/Driver/PDODriverTrait.php on line 47
[25-May-2017 19:06:58 Asia/Tokyo] PHP Fatal error:  Uncaught PDOException: PDO::__construct(): php_network_getaddresses: getaddrinfo failed: Name or service not known in /srv/www/39repo/app/vendor/cakephp/cakephp/src/Database/Driver/PDODriverTrait.php:47
Stack trace:
#0 /srv/www/39repo/app/vendor/cakephp/cakephp/src/Database/Driver/PDODriverTrait.php(47): PDO->__construct('mysql:host=mysq...', 'pydio', 'CHANGEME', Array)
#1 /srv/www/39repo/app/vendor/cakephp/cakephp/src/Database/Driver/Mysql.php(104): Cake\Database\Driver\Mysql->_connect('mysql:host=mysq...', Array)
#2 /srv/www/39repo/app/vendor/cakephp/cakephp/src/Database/Schema/BaseSchema.php(45): Cake\Database\Driver\Mysql->connect()
#3 /srv/www/39repo/app/vendor/cakephp/cakephp/src/Database/Dialect/MysqlDialectTrait.php(63): Cake\Database\Schema\BaseSchema->__construct(Object(Cake\Database\Driver\Mysql))
#4 /srv/www/39repo/app/vendor/cakephp/cakephp/src/Database/Schema/Collection.php(52): Cake\Database\Driver\Mysql->schemaDialect()
#5 /srv/www/39repo/app/vendor/cakephp/cakephp/src/Database/Schema/CachedCo in /srv/www/39repo/app/vendor/cakephp/cakephp/src/Database/Driver/PDODriverTrait.php on line 47
[25-May-2017 19:10:21 Asia/Tokyo] PHP Fatal error:  Uncaught PDOException: SQLSTATE[HY000] [2002] No such file or directory in /srv/www/39repo/app/vendor/cakephp/cakephp/src/Database/Driver/PDODriverTrait.php:47
Stack trace:
#0 /srv/www/39repo/app/vendor/cakephp/cakephp/src/Database/Driver/PDODriverTrait.php(47): PDO->__construct('mysql:host=loca...', 'pydio', 'CHANGEME', Array)
#1 /srv/www/39repo/app/vendor/cakephp/cakephp/src/Database/Driver/Mysql.php(104): Cake\Database\Driver\Mysql->_connect('mysql:host=loca...', Array)
#2 /srv/www/39repo/app/vendor/cakephp/cakephp/src/Database/Schema/BaseSchema.php(45): Cake\Database\Driver\Mysql->connect()
#3 /srv/www/39repo/app/vendor/cakephp/cakephp/src/Database/Dialect/MysqlDialectTrait.php(63): Cake\Database\Schema\BaseSchema->__construct(Object(Cake\Database\Driver\Mysql))
#4 /srv/www/39repo/app/vendor/cakephp/cakephp/src/Database/Schema/Collection.php(52): Cake\Database\Driver\Mysql->schemaDialect()
#5 /srv/www/39repo/app/vendor/cakephp/cakephp/src/Database/Schema/CachedCollection.php(42): Cake\Database\Schema\Coll in /srv/www/39repo/app/vendor/cakephp/cakephp/src/Database/Driver/PDODriverTrait.php on line 47
[25-May-2017 19:11:20 Asia/Tokyo] PHP Fatal error:  Uncaught PDOException: SQLSTATE[HY000] [2002] No such file or directory in /srv/www/39repo/app/vendor/cakephp/cakephp/src/Database/Driver/PDODriverTrait.php:47
Stack trace:
#0 /srv/www/39repo/app/vendor/cakephp/cakephp/src/Database/Driver/PDODriverTrait.php(47): PDO->__construct('mysql:host=loca...', 'pydio', 'CHANGEME', Array)
#1 /srv/www/39repo/app/vendor/cakephp/cakephp/src/Database/Driver/Mysql.php(104): Cake\Database\Driver\Mysql->_connect('mysql:host=loca...', Array)
#2 /srv/www/39repo/app/vendor/cakephp/cakephp/src/Database/Schema/BaseSchema.php(45): Cake\Database\Driver\Mysql->connect()
#3 /srv/www/39repo/app/vendor/cakephp/cakephp/src/Database/Dialect/MysqlDialectTrait.php(63): Cake\Database\Schema\BaseSchema->__construct(Object(Cake\Database\Driver\Mysql))
#4 /srv/www/39repo/app/vendor/cakephp/cakephp/src/Database/Schema/Collection.php(52): Cake\Database\Driver\Mysql->schemaDialect()
#5 /srv/www/39repo/app/vendor/cakephp/cakephp/src/Database/Schema/CachedCollection.php(42): Cake\Database\Schema\Coll in /srv/www/39repo/app/vendor/cakephp/cakephp/src/Database/Driver/PDODriverTrait.php on line 47
[25-May-2017 19:12:43 Asia/Tokyo] PHP Fatal error:  Uncaught PDOException: PDO::__construct(): php_network_getaddresses: getaddrinfo failed: Name or service not known in /srv/www/39repo/app/vendor/cakephp/cakephp/src/Database/Driver/PDODriverTrait.php:47
Stack trace:
#0 /srv/www/39repo/app/vendor/cakephp/cakephp/src/Database/Driver/PDODriverTrait.php(47): PDO->__construct('mysql:host=mysq...', 'pydio', 'CHANGEME', Array)
#1 /srv/www/39repo/app/vendor/cakephp/cakephp/src/Database/Driver/Mysql.php(104): Cake\Database\Driver\Mysql->_connect('mysql:host=mysq...', Array)
#2 /srv/www/39repo/app/vendor/cakephp/cakephp/src/Database/Schema/BaseSchema.php(45): Cake\Database\Driver\Mysql->connect()
#3 /srv/www/39repo/app/vendor/cakephp/cakephp/src/Database/Dialect/MysqlDialectTrait.php(63): Cake\Database\Schema\BaseSchema->__construct(Object(Cake\Database\Driver\Mysql))
#4 /srv/www/39repo/app/vendor/cakephp/cakephp/src/Database/Schema/Collection.php(52): Cake\Database\Driver\Mysql->schemaDialect()
#5 /srv/www/39repo/app/vendor/cakephp/cakephp/src/Database/Schema/CachedCo in /srv/www/39repo/app/vendor/cakephp/cakephp/src/Database/Driver/PDODriverTrait.php on line 47
[25-May-2017 19:13:06 Asia/Tokyo] PHP Fatal error:  Uncaught PDOException: SQLSTATE[HY000] [2002] No such file or directory in /srv/www/39repo/app/vendor/cakephp/cakephp/src/Database/Driver/PDODriverTrait.php:47
Stack trace:
#0 /srv/www/39repo/app/vendor/cakephp/cakephp/src/Database/Driver/PDODriverTrait.php(47): PDO->__construct('mysql:host=loca...', 'pydio', 'CHANGEME', Array)
#1 /srv/www/39repo/app/vendor/cakephp/cakephp/src/Database/Driver/Mysql.php(104): Cake\Database\Driver\Mysql->_connect('mysql:host=loca...', Array)
#2 /srv/www/39repo/app/vendor/cakephp/cakephp/src/Database/Schema/BaseSchema.php(45): Cake\Database\Driver\Mysql->connect()
#3 /srv/www/39repo/app/vendor/cakephp/cakephp/src/Database/Dialect/MysqlDialectTrait.php(63): Cake\Database\Schema\BaseSchema->__construct(Object(Cake\Database\Driver\Mysql))
#4 /srv/www/39repo/app/vendor/cakephp/cakephp/src/Database/Schema/Collection.php(52): Cake\Database\Driver\Mysql->schemaDialect()
#5 /srv/www/39repo/app/vendor/cakephp/cakephp/src/Database/Schema/CachedCollection.php(42): Cake\Database\Schema\Coll in /srv/www/39repo/app/vendor/cakephp/cakephp/src/Database/Driver/PDODriverTrait.php on line 47
[25-May-2017 19:13:58 Asia/Tokyo] PHP Fatal error:  Uncaught PDOException: PDO::__construct(): php_network_getaddresses: getaddrinfo failed: Name or service not known in /srv/www/39repo/app/vendor/cakephp/cakephp/src/Database/Driver/PDODriverTrait.php:47
Stack trace:
#0 /srv/www/39repo/app/vendor/cakephp/cakephp/src/Database/Driver/PDODriverTrait.php(47): PDO->__construct('mysql:host=mysq...', 'pydio', 'CHANGEME', Array)
#1 /srv/www/39repo/app/vendor/cakephp/cakephp/src/Database/Driver/Mysql.php(104): Cake\Database\Driver\Mysql->_connect('mysql:host=mysq...', Array)
#2 /srv/www/39repo/app/vendor/cakephp/cakephp/src/Database/Schema/BaseSchema.php(45): Cake\Database\Driver\Mysql->connect()
#3 /srv/www/39repo/app/vendor/cakephp/cakephp/src/Database/Dialect/MysqlDialectTrait.php(63): Cake\Database\Schema\BaseSchema->__construct(Object(Cake\Database\Driver\Mysql))
#4 /srv/www/39repo/app/vendor/cakephp/cakephp/src/Database/Schema/Collection.php(52): Cake\Database\Driver\Mysql->schemaDialect()
#5 /srv/www/39repo/app/vendor/cakephp/cakephp/src/Database/Schema/CachedCo in /srv/www/39repo/app/vendor/cakephp/cakephp/src/Database/Driver/PDODriverTrait.php on line 47
[25-May-2017 19:17:08 Asia/Tokyo] PHP Fatal error:  Uncaught PDOException: PDO::__construct(): php_network_getaddresses: getaddrinfo failed: Name or service not known in /srv/www/39repo/app/vendor/cakephp/cakephp/src/Database/Driver/PDODriverTrait.php:47
Stack trace:
#0 /srv/www/39repo/app/vendor/cakephp/cakephp/src/Database/Driver/PDODriverTrait.php(47): PDO->__construct('mysql:host=mysq...', 'pydio', 'CHANGEME', Array)
#1 /srv/www/39repo/app/vendor/cakephp/cakephp/src/Database/Driver/Mysql.php(104): Cake\Database\Driver\Mysql->_connect('mysql:host=mysq...', Array)
#2 /srv/www/39repo/app/vendor/cakephp/cakephp/src/Database/Schema/BaseSchema.php(45): Cake\Database\Driver\Mysql->connect()
#3 /srv/www/39repo/app/vendor/cakephp/cakephp/src/Database/Dialect/MysqlDialectTrait.php(63): Cake\Database\Schema\BaseSchema->__construct(Object(Cake\Database\Driver\Mysql))
#4 /srv/www/39repo/app/vendor/cakephp/cakephp/src/Database/Schema/Collection.php(52): Cake\Database\Driver\Mysql->schemaDialect()
#5 /srv/www/39repo/app/vendor/cakephp/cakephp/src/Database/Schema/CachedCo in /srv/www/39repo/app/vendor/cakephp/cakephp/src/Database/Driver/PDODriverTrait.php on line 47
[25-May-2017 19:17:13 Asia/Tokyo] PHP Fatal error:  Uncaught PDOException: PDO::__construct(): php_network_getaddresses: getaddrinfo failed: Name or service not known in /srv/www/39repo/app/vendor/cakephp/cakephp/src/Database/Driver/PDODriverTrait.php:47
Stack trace:
#0 /srv/www/39repo/app/vendor/cakephp/cakephp/src/Database/Driver/PDODriverTrait.php(47): PDO->__construct('mysql:host=mysq...', 'pydio', 'CHANGEME', Array)
#1 /srv/www/39repo/app/vendor/cakephp/cakephp/src/Database/Driver/Mysql.php(104): Cake\Database\Driver\Mysql->_connect('mysql:host=mysq...', Array)
#2 /srv/www/39repo/app/vendor/cakephp/cakephp/src/Database/Schema/BaseSchema.php(45): Cake\Database\Driver\Mysql->connect()
#3 /srv/www/39repo/app/vendor/cakephp/cakephp/src/Database/Dialect/MysqlDialectTrait.php(63): Cake\Database\Schema\BaseSchema->__construct(Object(Cake\Database\Driver\Mysql))
#4 /srv/www/39repo/app/vendor/cakephp/cakephp/src/Database/Schema/Collection.php(52): Cake\Database\Driver\Mysql->schemaDialect()
#5 /srv/www/39repo/app/vendor/cakephp/cakephp/src/Database/Schema/CachedCo in /srv/www/39repo/app/vendor/cakephp/cakephp/src/Database/Driver/PDODriverTrait.php on line 47
[25-May-2017 19:17:56 Asia/Tokyo] PHP Fatal error:  Uncaught PDOException: PDO::__construct(): php_network_getaddresses: getaddrinfo failed: Name or service not known in /srv/www/39repo/app/vendor/cakephp/cakephp/src/Database/Driver/PDODriverTrait.php:47
Stack trace:
#0 /srv/www/39repo/app/vendor/cakephp/cakephp/src/Database/Driver/PDODriverTrait.php(47): PDO->__construct('mysql:host=mysq...', 'pydio', 'CHANGEME', Array)
#1 /srv/www/39repo/app/vendor/cakephp/cakephp/src/Database/Driver/Mysql.php(104): Cake\Database\Driver\Mysql->_connect('mysql:host=mysq...', Array)
#2 /srv/www/39repo/app/vendor/cakephp/cakephp/src/Database/Schema/BaseSchema.php(45): Cake\Database\Driver\Mysql->connect()
#3 /srv/www/39repo/app/vendor/cakephp/cakephp/src/Database/Dialect/MysqlDialectTrait.php(63): Cake\Database\Schema\BaseSchema->__construct(Object(Cake\Database\Driver\Mysql))
#4 /srv/www/39repo/app/vendor/cakephp/cakephp/src/Database/Schema/Collection.php(52): Cake\Database\Driver\Mysql->schemaDialect()
#5 /srv/www/39repo/app/vendor/cakephp/cakephp/src/Database/Schema/CachedCo in /srv/www/39repo/app/vendor/cakephp/cakephp/src/Database/Driver/PDODriverTrait.php on line 47
[25-May-2017 19:19:02 Asia/Tokyo] PHP Fatal error:  Uncaught PDOException: PDO::__construct(): php_network_getaddresses: getaddrinfo failed: Name or service not known in /srv/www/39repo/app/vendor/cakephp/cakephp/src/Database/Driver/PDODriverTrait.php:47
Stack trace:
#0 /srv/www/39repo/app/vendor/cakephp/cakephp/src/Database/Driver/PDODriverTrait.php(47): PDO->__construct('mysql:host=mysq...', 'pydio', 'CHANGEME', Array)
#1 /srv/www/39repo/app/vendor/cakephp/cakephp/src/Database/Driver/Mysql.php(104): Cake\Database\Driver\Mysql->_connect('mysql:host=mysq...', Array)
#2 /srv/www/39repo/app/vendor/cakephp/cakephp/src/Database/Schema/BaseSchema.php(45): Cake\Database\Driver\Mysql->connect()
#3 /srv/www/39repo/app/vendor/cakephp/cakephp/src/Database/Dialect/MysqlDialectTrait.php(63): Cake\Database\Schema\BaseSchema->__construct(Object(Cake\Database\Driver\Mysql))
#4 /srv/www/39repo/app/vendor/cakephp/cakephp/src/Database/Schema/Collection.php(52): Cake\Database\Driver\Mysql->schemaDialect()
#5 /srv/www/39repo/app/vendor/cakephp/cakephp/src/Database/Schema/CachedCo in /srv/www/39repo/app/vendor/cakephp/cakephp/src/Database/Driver/PDODriverTrait.php on line 47
[25-May-2017 19:19:03 Asia/Tokyo] PHP Fatal error:  Uncaught PDOException: PDO::__construct(): php_network_getaddresses: getaddrinfo failed: Name or service not known in /srv/www/39repo/app/vendor/cakephp/cakephp/src/Database/Driver/PDODriverTrait.php:47
Stack trace:
#0 /srv/www/39repo/app/vendor/cakephp/cakephp/src/Database/Driver/PDODriverTrait.php(47): PDO->__construct('mysql:host=mysq...', 'pydio', 'CHANGEME', Array)
#1 /srv/www/39repo/app/vendor/cakephp/cakephp/src/Database/Driver/Mysql.php(104): Cake\Database\Driver\Mysql->_connect('mysql:host=mysq...', Array)
#2 /srv/www/39repo/app/vendor/cakephp/cakephp/src/Database/Schema/BaseSchema.php(45): Cake\Database\Driver\Mysql->connect()
#3 /srv/www/39repo/app/vendor/cakephp/cakephp/src/Database/Dialect/MysqlDialectTrait.php(63): Cake\Database\Schema\BaseSchema->__construct(Object(Cake\Database\Driver\Mysql))
#4 /srv/www/39repo/app/vendor/cakephp/cakephp/src/Database/Schema/Collection.php(52): Cake\Database\Driver\Mysql->schemaDialect()
#5 /srv/www/39repo/app/vendor/cakephp/cakephp/src/Database/Schema/CachedCo in /srv/www/39repo/app/vendor/cakephp/cakephp/src/Database/Driver/PDODriverTrait.php on line 47
[25-May-2017 19:19:04 Asia/Tokyo] PHP Fatal error:  Uncaught PDOException: PDO::__construct(): php_network_getaddresses: getaddrinfo failed: Name or service not known in /srv/www/39repo/app/vendor/cakephp/cakephp/src/Database/Driver/PDODriverTrait.php:47
Stack trace:
#0 /srv/www/39repo/app/vendor/cakephp/cakephp/src/Database/Driver/PDODriverTrait.php(47): PDO->__construct('mysql:host=mysq...', 'pydio', 'CHANGEME', Array)
#1 /srv/www/39repo/app/vendor/cakephp/cakephp/src/Database/Driver/Mysql.php(104): Cake\Database\Driver\Mysql->_connect('mysql:host=mysq...', Array)
#2 /srv/www/39repo/app/vendor/cakephp/cakephp/src/Database/Schema/BaseSchema.php(45): Cake\Database\Driver\Mysql->connect()
#3 /srv/www/39repo/app/vendor/cakephp/cakephp/src/Database/Dialect/MysqlDialectTrait.php(63): Cake\Database\Schema\BaseSchema->__construct(Object(Cake\Database\Driver\Mysql))
#4 /srv/www/39repo/app/vendor/cakephp/cakephp/src/Database/Schema/Collection.php(52): Cake\Database\Driver\Mysql->schemaDialect()
#5 /srv/www/39repo/app/vendor/cakephp/cakephp/src/Database/Schema/CachedCo in /srv/www/39repo/app/vendor/cakephp/cakephp/src/Database/Driver/PDODriverTrait.php on line 47
[25-May-2017 19:19:15 Asia/Tokyo] PHP Fatal error:  Uncaught PDOException: PDO::__construct(): php_network_getaddresses: getaddrinfo failed: Name or service not known in /srv/www/39repo/app/vendor/cakephp/cakephp/src/Database/Driver/PDODriverTrait.php:47
Stack trace:
#0 /srv/www/39repo/app/vendor/cakephp/cakephp/src/Database/Driver/PDODriverTrait.php(47): PDO->__construct('mysql:host=mysq...', 'pydio', 'CHANGEME', Array)
#1 /srv/www/39repo/app/vendor/cakephp/cakephp/src/Database/Driver/Mysql.php(104): Cake\Database\Driver\Mysql->_connect('mysql:host=mysq...', Array)
#2 /srv/www/39repo/app/vendor/cakephp/cakephp/src/Database/Schema/BaseSchema.php(45): Cake\Database\Driver\Mysql->connect()
#3 /srv/www/39repo/app/vendor/cakephp/cakephp/src/Database/Dialect/MysqlDialectTrait.php(63): Cake\Database\Schema\BaseSchema->__construct(Object(Cake\Database\Driver\Mysql))
#4 /srv/www/39repo/app/vendor/cakephp/cakephp/src/Database/Schema/Collection.php(52): Cake\Database\Driver\Mysql->schemaDialect()
#5 /srv/www/39repo/app/vendor/cakephp/cakephp/src/Database/Schema/CachedCo in /srv/www/39repo/app/vendor/cakephp/cakephp/src/Database/Driver/PDODriverTrait.php on line 47
[25-May-2017 19:19:19 Asia/Tokyo] PHP Fatal error:  Uncaught PDOException: PDO::__construct(): php_network_getaddresses: getaddrinfo failed: Name or service not known in /srv/www/39repo/app/vendor/cakephp/cakephp/src/Database/Driver/PDODriverTrait.php:47
Stack trace:
#0 /srv/www/39repo/app/vendor/cakephp/cakephp/src/Database/Driver/PDODriverTrait.php(47): PDO->__construct('mysql:host=mysq...', 'pydio', 'CHANGEME', Array)
#1 /srv/www/39repo/app/vendor/cakephp/cakephp/src/Database/Driver/Mysql.php(104): Cake\Database\Driver\Mysql->_connect('mysql:host=mysq...', Array)
#2 /srv/www/39repo/app/vendor/cakephp/cakephp/src/Database/Schema/BaseSchema.php(45): Cake\Database\Driver\Mysql->connect()
#3 /srv/www/39repo/app/vendor/cakephp/cakephp/src/Database/Dialect/MysqlDialectTrait.php(63): Cake\Database\Schema\BaseSchema->__construct(Object(Cake\Database\Driver\Mysql))
#4 /srv/www/39repo/app/vendor/cakephp/cakephp/src/Database/Schema/Collection.php(52): Cake\Database\Driver\Mysql->schemaDialect()
#5 /srv/www/39repo/app/vendor/cakephp/cakephp/src/Database/Schema/CachedCo in /srv/www/39repo/app/vendor/cakephp/cakephp/src/Database/Driver/PDODriverTrait.php on line 47
[29-Dec-2021 18:13:05 Asia/Tokyo] PHP Deprecated:  PHP Startup: Use of mbstring.http_input is deprecated in Unknown on line 0
[29-Dec-2021 18:13:05 Asia/Tokyo] PHP Deprecated:  PHP Startup: Use of mbstring.internal_encoding is deprecated in Unknown on line 0
[29-Dec-2021 18:17:16 Asia/Tokyo] PHP Deprecated:  PHP Startup: Use of mbstring.http_input is deprecated in Unknown on line 0
[29-Dec-2021 18:17:16 Asia/Tokyo] PHP Deprecated:  PHP Startup: Use of mbstring.internal_encoding is deprecated in Unknown on line 0
[29-Dec-2021 18:23:15 Asia/Tokyo] PHP Deprecated:  PHP Startup: Use of mbstring.http_input is deprecated in Unknown on line 0
[29-Dec-2021 18:23:15 Asia/Tokyo] PHP Deprecated:  PHP Startup: Use of mbstring.internal_encoding is deprecated in Unknown on line 0
[29-Dec-2021 18:24:38 Asia/Tokyo] PHP Deprecated:  PHP Startup: Use of mbstring.http_input is deprecated in Unknown on line 0
[29-Dec-2021 18:24:38 Asia/Tokyo] PHP Deprecated:  PHP Startup: Use of mbstring.internal_encoding is deprecated in Unknown on line 0
[29-Dec-2021 18:37:22 Asia/Tokyo] PHP Deprecated:  PHP Startup: Use of mbstring.http_input is deprecated in Unknown on line 0
[29-Dec-2021 18:37:22 Asia/Tokyo] PHP Deprecated:  PHP Startup: Use of mbstring.internal_encoding is deprecated in Unknown on line 0
[29-Dec-2021 18:45:27 Asia/Tokyo] PHP Deprecated:  PHP Startup: Use of mbstring.http_input is deprecated in Unknown on line 0
[29-Dec-2021 18:45:27 Asia/Tokyo] PHP Deprecated:  PHP Startup: Use of mbstring.internal_encoding is deprecated in Unknown on line 0
[29-Dec-2021 18:46:17 Asia/Tokyo] PHP Deprecated:  PHP Startup: Use of mbstring.http_input is deprecated in Unknown on line 0
[29-Dec-2021 18:46:17 Asia/Tokyo] PHP Deprecated:  PHP Startup: Use of mbstring.internal_encoding is deprecated in Unknown on line 0
[29-Dec-2021 21:51:52 Asia/Tokyo] PHP Parse error:  syntax error, unexpected token "return" in /var/www/api.php on line 31
[29-Dec-2021 21:51:53 Asia/Tokyo] PHP Parse error:  syntax error, unexpected token "return" in /var/www/api.php on line 31
[29-Dec-2021 21:51:53 Asia/Tokyo] PHP Parse error:  syntax error, unexpected token "return" in /var/www/api.php on line 31
[29-Dec-2021 21:51:56 Asia/Tokyo] PHP Parse error:  syntax error, unexpected token "return" in /var/www/api.php on line 31
[29-Dec-2021 21:51:57 Asia/Tokyo] PHP Parse error:  syntax error, unexpected token "return" in /var/www/api.php on line 31
[29-Dec-2021 21:51:57 Asia/Tokyo] PHP Parse error:  syntax error, unexpected token "return" in /var/www/api.php on line 31
[29-Dec-2021 21:51:57 Asia/Tokyo] PHP Parse error:  syntax error, unexpected token "return" in /var/www/api.php on line 31
[29-Dec-2021 21:55:01 Asia/Tokyo] PHP Parse error:  syntax error, unexpected token "{", expecting "(" in /var/www/api.php on line 313
[29-Dec-2021 21:55:02 Asia/Tokyo] PHP Parse error:  syntax error, unexpected token "{", expecting "(" in /var/www/api.php on line 313
[29-Dec-2021 21:55:02 Asia/Tokyo] PHP Parse error:  syntax error, unexpected token "{", expecting "(" in /var/www/api.php on line 313
[29-Dec-2021 21:55:03 Asia/Tokyo] PHP Parse error:  syntax error, unexpected token "{", expecting "(" in /var/www/api.php on line 313
[29-Dec-2021 22:05:30 Asia/Tokyo] PHP Fatal error:  Uncaught mysqli_sql_exception: Connection refused in /var/www/install.php:683
Stack trace:
#0 /var/www/install.php(683): mysqli_connect('127.0.0.1', 'baiduwp.io', 'baiduwp.io', 'baiduwp.io')
#1 {main}
  thrown in /var/www/install.php on line 683
[29-Dec-2021 22:14:19 Asia/Tokyo] PHP Deprecated:  PHP Startup: Use of mbstring.http_input is deprecated in Unknown on line 0
[29-Dec-2021 22:14:19 Asia/Tokyo] PHP Deprecated:  PHP Startup: Use of mbstring.internal_encoding is deprecated in Unknown on line 0
[30-Dec-2021 00:43:48 Asia/Tokyo] PHP Deprecated:  PHP Startup: Use of mbstring.http_input is deprecated in Unknown on line 0
[30-Dec-2021 00:43:48 Asia/Tokyo] PHP Deprecated:  PHP Startup: Use of mbstring.internal_encoding is deprecated in Unknown on line 0
[30-Dec-2021 02:24:00 Asia/Tokyo] PHP Deprecated:  PHP Startup: Use of mbstring.http_input is deprecated in Unknown on line 0
[30-Dec-2021 02:24:00 Asia/Tokyo] PHP Deprecated:  PHP Startup: Use of mbstring.internal_encoding is deprecated in Unknown on line 0
[30-Dec-2021 02:24:54 Asia/Tokyo] PHP Deprecated:  PHP Startup: Use of mbstring.http_input is deprecated in Unknown on line 0
[30-Dec-2021 02:24:54 Asia/Tokyo] PHP Deprecated:  PHP Startup: Use of mbstring.internal_encoding is deprecated in Unknown on line 0
[30-Dec-2021 02:27:56 Asia/Tokyo] PHP Deprecated:  PHP Startup: Use of mbstring.http_input is deprecated in Unknown on line 0
[30-Dec-2021 02:27:56 Asia/Tokyo] PHP Deprecated:  PHP Startup: Use of mbstring.internal_encoding is deprecated in Unknown on line 0
[30-Dec-2021 02:30:59 Asia/Tokyo] PHP Deprecated:  PHP Startup: Use of mbstring.http_input is deprecated in Unknown on line 0
[30-Dec-2021 02:30:59 Asia/Tokyo] PHP Deprecated:  PHP Startup: Use of mbstring.internal_encoding is deprecated in Unknown on line 0
[30-Dec-2021 02:32:27 Asia/Tokyo] PHP Deprecated:  PHP Startup: Use of mbstring.http_input is deprecated in Unknown on line 0
[30-Dec-2021 02:32:27 Asia/Tokyo] PHP Deprecated:  PHP Startup: Use of mbstring.internal_encoding is deprecated in Unknown on line 0
[30-Dec-2021 02:33:19 Asia/Tokyo] PHP Deprecated:  PHP Startup: Use of mbstring.http_input is deprecated in Unknown on line 0
[30-Dec-2021 02:33:19 Asia/Tokyo] PHP Deprecated:  PHP Startup: Use of mbstring.internal_encoding is deprecated in Unknown on line 0
[30-Dec-2021 02:34:18 Asia/Tokyo] PHP Deprecated:  PHP Startup: Use of mbstring.http_input is deprecated in Unknown on line 0
[30-Dec-2021 02:34:18 Asia/Tokyo] PHP Deprecated:  PHP Startup: Use of mbstring.internal_encoding is deprecated in Unknown on line 0
[30-Dec-2021 02:35:31 Asia/Tokyo] PHP Deprecated:  PHP Startup: Use of mbstring.http_input is deprecated in Unknown on line 0
[30-Dec-2021 02:35:31 Asia/Tokyo] PHP Deprecated:  PHP Startup: Use of mbstring.internal_encoding is deprecated in Unknown on line 0
[30-Dec-2021 02:37:47 Asia/Tokyo] PHP Deprecated:  PHP Startup: Use of mbstring.http_input is deprecated in Unknown on line 0
[30-Dec-2021 02:37:47 Asia/Tokyo] PHP Deprecated:  PHP Startup: Use of mbstring.internal_encoding is deprecated in Unknown on line 0
[30-Dec-2021 02:38:34 Asia/Tokyo] PHP Deprecated:  PHP Startup: Use of mbstring.http_input is deprecated in Unknown on line 0
[30-Dec-2021 02:38:34 Asia/Tokyo] PHP Deprecated:  PHP Startup: Use of mbstring.internal_encoding is deprecated in Unknown on line 0
[30-Dec-2021 02:44:26 Asia/Tokyo] PHP Deprecated:  PHP Startup: Use of mbstring.http_input is deprecated in Unknown on line 0
[30-Dec-2021 02:44:26 Asia/Tokyo] PHP Deprecated:  PHP Startup: Use of mbstring.internal_encoding is deprecated in Unknown on line 0
[30-Dec-2021 02:56:54 Asia/Tokyo] PHP Deprecated:  PHP Startup: Use of mbstring.http_input is deprecated in Unknown on line 0
[30-Dec-2021 02:56:54 Asia/Tokyo] PHP Deprecated:  PHP Startup: Use of mbstring.internal_encoding is deprecated in Unknown on line 0
[30-Dec-2021 03:03:36 Asia/Tokyo] PHP Deprecated:  PHP Startup: Use of mbstring.http_input is deprecated in Unknown on line 0
[30-Dec-2021 03:03:36 Asia/Tokyo] PHP Deprecated:  PHP Startup: Use of mbstring.internal_encoding is deprecated in Unknown on line 0
[30-Dec-2021 03:11:18 Asia/Tokyo] PHP Deprecated:  PHP Startup: Use of mbstring.http_input is deprecated in Unknown on line 0
[30-Dec-2021 03:11:18 Asia/Tokyo] PHP Deprecated:  PHP Startup: Use of mbstring.internal_encoding is deprecated in Unknown on line 0
[30-Dec-2021 03:15:38 Asia/Tokyo] PHP Deprecated:  PHP Startup: Use of mbstring.http_input is deprecated in Unknown on line 0
[30-Dec-2021 03:15:38 Asia/Tokyo] PHP Deprecated:  PHP Startup: Use of mbstring.internal_encoding is deprecated in Unknown on line 0
[30-Dec-2021 04:28:37 Asia/Tokyo] PHP Deprecated:  PHP Startup: Use of mbstring.http_input is deprecated in Unknown on line 0
[30-Dec-2021 04:28:37 Asia/Tokyo] PHP Deprecated:  PHP Startup: Use of mbstring.internal_encoding is deprecated in Unknown on line 0
[30-Dec-2021 05:25:57 Asia/Tokyo] PHP Deprecated:  PHP Startup: Use of mbstring.http_input is deprecated in Unknown on line 0
[30-Dec-2021 05:25:57 Asia/Tokyo] PHP Deprecated:  PHP Startup: Use of mbstring.internal_encoding is deprecated in Unknown on line 0
[30-Dec-2021 05:26:54 Asia/Tokyo] PHP Deprecated:  PHP Startup: Use of mbstring.http_input is deprecated in Unknown on line 0
[30-Dec-2021 05:26:54 Asia/Tokyo] PHP Deprecated:  PHP Startup: Use of mbstring.internal_encoding is deprecated in Unknown on line 0
[30-Dec-2021 05:28:12 Asia/Tokyo] PHP Deprecated:  PHP Startup: Use of mbstring.http_input is deprecated in Unknown on line 0
[30-Dec-2021 05:28:12 Asia/Tokyo] PHP Deprecated:  PHP Startup: Use of mbstring.internal_encoding is deprecated in Unknown on line 0
[30-Dec-2021 05:53:27 Asia/Tokyo] PHP Deprecated:  PHP Startup: Use of mbstring.http_input is deprecated in Unknown on line 0
[30-Dec-2021 05:53:27 Asia/Tokyo] PHP Deprecated:  PHP Startup: Use of mbstring.internal_encoding is deprecated in Unknown on line 0
[30-Dec-2021 05:59:14 Asia/Tokyo] PHP Deprecated:  PHP Startup: Use of mbstring.http_input is deprecated in Unknown on line 0
[30-Dec-2021 05:59:14 Asia/Tokyo] PHP Deprecated:  PHP Startup: Use of mbstring.internal_encoding is deprecated in Unknown on line 0
[30-Dec-2021 06:01:16 Asia/Tokyo] PHP Deprecated:  PHP Startup: Use of mbstring.http_input is deprecated in Unknown on line 0
[30-Dec-2021 06:01:16 Asia/Tokyo] PHP Deprecated:  PHP Startup: Use of mbstring.internal_encoding is deprecated in Unknown on line 0
[30-Dec-2021 06:04:15 Asia/Tokyo] PHP Deprecated:  PHP Startup: Use of mbstring.http_input is deprecated in Unknown on line 0
[30-Dec-2021 06:04:15 Asia/Tokyo] PHP Deprecated:  PHP Startup: Use of mbstring.internal_encoding is deprecated in Unknown on line 0
[30-Dec-2021 06:10:55 Asia/Tokyo] PHP Deprecated:  PHP Startup: Use of mbstring.http_input is deprecated in Unknown on line 0
[30-Dec-2021 06:10:55 Asia/Tokyo] PHP Deprecated:  PHP Startup: Use of mbstring.internal_encoding is deprecated in Unknown on line 0
[30-Dec-2021 06:18:12 Asia/Tokyo] PHP Deprecated:  PHP Startup: Use of mbstring.http_input is deprecated in Unknown on line 0
[30-Dec-2021 06:18:12 Asia/Tokyo] PHP Deprecated:  PHP Startup: Use of mbstring.internal_encoding is deprecated in Unknown on line 0
[30-Dec-2021 06:25:57 Asia/Tokyo] PHP Deprecated:  PHP Startup: Use of mbstring.http_input is deprecated in Unknown on line 0
[30-Dec-2021 06:25:57 Asia/Tokyo] PHP Deprecated:  PHP Startup: Use of mbstring.internal_encoding is deprecated in Unknown on line 0
[30-Dec-2021 06:40:23 Asia/Tokyo] PHP Deprecated:  PHP Startup: Use of mbstring.http_input is deprecated in Unknown on line 0
[30-Dec-2021 06:40:23 Asia/Tokyo] PHP Deprecated:  PHP Startup: Use of mbstring.internal_encoding is deprecated in Unknown on line 0
[30-Dec-2021 06:57:49 Asia/Tokyo] PHP Deprecated:  PHP Startup: Use of mbstring.http_input is deprecated in Unknown on line 0
[30-Dec-2021 06:57:49 Asia/Tokyo] PHP Deprecated:  PHP Startup: Use of mbstring.internal_encoding is deprecated in Unknown on line 0
[30-Dec-2021 07:01:10 Asia/Tokyo] PHP Deprecated:  PHP Startup: Use of mbstring.http_input is deprecated in Unknown on line 0
[30-Dec-2021 07:01:10 Asia/Tokyo] PHP Deprecated:  PHP Startup: Use of mbstring.internal_encoding is deprecated in Unknown on line 0
